<?xml version="1.0" encoding="UTF-8"?>
<coverage generated="1769682112551" clover="3.2.0">
  <project timestamp="1769682112551" name="All files">
    <metrics statements="25" coveredstatements="24" conditionals="18" coveredconditionals="13" methods="7" coveredmethods="7" elements="50" coveredelements="44" complexity="0" loc="25" ncloc="25" packages="1" files="1" classes="1"/>
    <file name="GameKernel.ts" path="D:\VS CODE\AVG_NODE_JS\src\core\GameKernel.ts">
      <metrics statements="25" coveredstatements="24" conditionals="18" coveredconditionals="13" methods="7" coveredmethods="7"/>
      <line num="1" count="1" type="stmt"/>
      <line num="4" count="5" type="stmt"/>
      <line num="8" count="1" type="stmt"/>
      <line num="9" count="11" type="cond" truecount="2" falsecount="0"/>
      <line num="10" count="5" type="stmt"/>
      <line num="12" count="11" type="stmt"/>
      <line num="15" count="1" type="stmt"/>
      <line num="16" count="3" type="stmt"/>
      <line num="19" count="1" type="stmt"/>
      <line num="20" count="1" type="stmt"/>
      <line num="21" count="1" type="stmt"/>
      <line num="22" count="1" type="stmt"/>
      <line num="24" count="1" type="stmt"/>
      <line num="29" count="1" type="stmt"/>
      <line num="30" count="2" type="stmt"/>
      <line num="31" count="2" type="cond" truecount="3" falsecount="1"/>
      <line num="32" count="2" type="stmt"/>
      <line num="33" count="2" type="stmt"/>
      <line num="35" count="1" type="stmt"/>
      <line num="41" count="1" type="stmt"/>
      <line num="42" count="1" type="cond" truecount="1" falsecount="1"/>
      <line num="43" count="1" type="cond" truecount="6" falsecount="2"/>
      <line num="46" count="1" type="stmt"/>
      <line num="48" count="1" type="cond" truecount="1" falsecount="1"/>
      <line num="49" count="0" type="stmt"/>
    </file>
  </project>
</coverage>
