{"D:\\VS CODE\\AVG_NODE_JS\\src\\core\\GameKernel.ts": {"path":"D:\\VS CODE\\AVG_NODE_JS\\src\\core\\GameKernel.ts","statementMap":{"0":{"start":{"line":1,"column":0},"end":{"line":1,"column":13}},"1":{"start":{"line":4,"column":12},"end":{"line":4,"column":32}},"2":{"start":{"line":8,"column":18},"end":{"line":13,"column":null}},"3":{"start":{"line":9,"column":8},"end":{"line":11,"column":9}},"4":{"start":{"line":10,"column":12},"end":{"line":10,"column":51}},"5":{"start":{"line":12,"column":8},"end":{"line":12,"column":35}},"6":{"start":{"line":15,"column":11},"end":{"line":17,"column":null}},"7":{"start":{"line":16,"column":8},"end":{"line":16,"column":34}},"8":{"start":{"line":19,"column":11},"end":{"line":27,"column":null}},"9":{"start":{"line":20,"column":8},"end":{"line":26,"column":9}},"10":{"start":{"line":20,"column":29},"end":{"line":20,"column":33}},"11":{"start":{"line":20,"column":29},"end":{"line":20,"column":41}},"12":{"start":{"line":20,"column":25},"end":{"line":20,"column":29}},"13":{"start":{"line":21,"column":12},"end":{"line":25,"column":13}},"14":{"start":{"line":22,"column":16},"end":{"line":22,"column":32}},"15":{"start":{"line":24,"column":16},"end":{"line":24,"column":61}},"16":{"start":{"line":29,"column":11},"end":{"line":39,"column":null}},"17":{"start":{"line":30,"column":8},"end":{"line":38,"column":9}},"18":{"start":{"line":30,"column":29},"end":{"line":30,"column":33}},"19":{"start":{"line":30,"column":29},"end":{"line":30,"column":41}},"20":{"start":{"line":30,"column":25},"end":{"line":30,"column":29}},"21":{"start":{"line":31,"column":12},"end":{"line":37,"column":13}},"22":{"start":{"line":32,"column":16},"end":{"line":36,"column":17}},"23":{"start":{"line":33,"column":20},"end":{"line":33,"column":40}},"24":{"start":{"line":35,"column":20},"end":{"line":35,"column":73}},"25":{"start":{"line":41,"column":11},"end":{"line":45,"column":null}},"26":{"start":{"line":42,"column":8},"end":{"line":44,"column":9}},"27":{"start":{"line":43,"column":12},"end":{"line":43,"column":64}},"28":{"start":{"line":46,"column":0},"end":{"line":46,"column":null}},"29":{"start":{"line":1,"column":13},"end":{"line":1,"column":23}},"30":{"start":{"line":48,"column":0},"end":{"line":50,"column":1}},"31":{"start":{"line":49,"column":5},"end":{"line":49,"column":44}}},"fnMap":{"0":{"name":"(anonymous_0)","decl":{"start":{"line":1,"column":0},"end":{"line":1,"column":13}},"loc":{"start":{"line":1,"column":0},"end":{"line":46,"column":1}}},"1":{"name":"GameKernel","decl":{"start":{"line":6,"column":4},"end":{"line":6,"column":27}},"loc":{"start":{"line":6,"column":4},"end":{"line":6,"column":28}}},"2":{"name":"(anonymous_2)","decl":{"start":{"line":8,"column":4},"end":{"line":8,"column":18}},"loc":{"start":{"line":8,"column":4},"end":{"line":13,"column":5}}},"3":{"name":"(anonymous_3)","decl":{"start":{"line":15,"column":4},"end":{"line":15,"column":11}},"loc":{"start":{"line":15,"column":37},"end":{"line":17,"column":5}}},"4":{"name":"(anonymous_4)","decl":{"start":{"line":19,"column":4},"end":{"line":19,"column":11}},"loc":{"start":{"line":19,"column":4},"end":{"line":27,"column":5}}},"5":{"name":"(anonymous_5)","decl":{"start":{"line":29,"column":4},"end":{"line":29,"column":11}},"loc":{"start":{"line":29,"column":4},"end":{"line":39,"column":5}}},"6":{"name":"(anonymous_6)","decl":{"start":{"line":41,"column":4},"end":{"line":41,"column":11}},"loc":{"start":{"line":41,"column":4},"end":{"line":45,"column":5}}}},"branchMap":{"0":{"loc":{"start":{"line":9,"column":8},"end":{"line":11,"column":9}},"type":"if","locations":[{"start":{"line":9,"column":8},"end":{"line":11,"column":9}},{"start":{},"end":{}}]},"1":{"loc":{"start":{"line":31,"column":12},"end":{"line":37,"column":13}},"type":"if","locations":[{"start":{"line":31,"column":12},"end":{"line":37,"column":13}},{"start":{},"end":{}}]},"2":{"loc":{"start":{"line":31,"column":16},"end":{"line":31,"column":65}},"type":"binary-expr","locations":[{"start":{"line":31,"column":16},"end":{"line":31,"column":22}},{"start":{"line":31,"column":26},"end":{"line":31,"column":65}}]},"3":{"loc":{"start":{"line":42,"column":8},"end":{"line":44,"column":9}},"type":"if","locations":[{"start":{"line":42,"column":8},"end":{"line":44,"column":9}},{"start":{},"end":{}}]},"4":{"loc":{"start":{"line":43,"column":12},"end":{"line":43,"column":63}},"type":"cond-expr","locations":[{"start":{"line":43,"column":55},"end":{"line":43,"column":57}},{"start":{"line":43,"column":55},"end":{"line":43,"column":63}}]},"5":{"loc":{"start":{"line":43,"column":12},"end":{"line":43,"column":57}},"type":"binary-expr","locations":[{"start":{"line":43,"column":12},"end":{"line":43,"column":57}},{"start":{"line":43,"column":55},"end":{"line":43,"column":57}}]},"6":{"loc":{"start":{"line":43,"column":12},"end":{"line":43,"column":55}},"type":"cond-expr","locations":[{"start":{"line":43,"column":40},"end":{"line":43,"column":42}},{"start":{"line":43,"column":40},"end":{"line":43,"column":55}}]},"7":{"loc":{"start":{"line":43,"column":12},"end":{"line":43,"column":42}},"type":"binary-expr","locations":[{"start":{"line":43,"column":12},"end":{"line":43,"column":42}},{"start":{"line":43,"column":40},"end":{"line":43,"column":42}}]},"8":{"loc":{"start":{"line":48,"column":0},"end":{"line":50,"column":1}},"type":"if","locations":[{"start":{"line":48,"column":0},"end":{"line":50,"column":1}},{"start":{},"end":{}}]}},"s":{"0":1,"1":5,"2":1,"3":11,"4":5,"5":11,"6":1,"7":3,"8":1,"9":1,"10":1,"11":1,"12":1,"13":1,"14":1,"15":1,"16":1,"17":2,"18":2,"19":2,"20":2,"21":2,"22":2,"23":2,"24":1,"25":1,"26":1,"27":1,"28":1,"29":1,"30":1,"31":0},"f":{"0":1,"1":5,"2":11,"3":3,"4":1,"5":2,"6":1},"b":{"0":[5,6],"1":[2,0],"2":[2,2],"3":[1,0],"4":[0,1],"5":[1,1],"6":[0,1],"7":[1,1],"8":[0,1]}}
}
