TN:
SF:src\core\GameKernel.ts
FN:1,(anonymous_0)
FN:6,GameKernel
FN:8,(anonymous_2)
FN:15,(anonymous_3)
FN:19,(anonymous_4)
FN:29,(anonymous_5)
FN:41,(anonymous_6)
FNF:7
FNH:7
FNDA:1,(anonymous_0)
FNDA:5,GameKernel
FNDA:11,(anonymous_2)
FNDA:3,(anonymous_3)
FNDA:1,(anonymous_4)
FNDA:2,(anonymous_5)
FNDA:1,(anonymous_6)
DA:1,1
DA:4,5
DA:8,1
DA:9,11
DA:10,5
DA:12,11
DA:15,1
DA:16,3
DA:19,1
DA:20,1
DA:21,1
DA:22,1
DA:24,1
DA:29,1
DA:30,2
DA:31,2
DA:32,2
DA:33,2
DA:35,1
DA:41,1
DA:42,1
DA:43,1
DA:46,1
DA:48,1
DA:49,0
LF:25
LH:24
BRDA:9,0,0,5
BRDA:9,0,1,6
BRDA:31,1,0,2
BRDA:31,1,1,0
BRDA:31,2,0,2
BRDA:31,2,1,2
BRDA:42,3,0,1
BRDA:42,3,1,0
BRDA:43,4,0,0
BRDA:43,4,1,1
BRDA:43,5,0,1
BRDA:43,5,1,1
BRDA:43,6,0,0
BRDA:43,6,1,1
BRDA:43,7,0,1
BRDA:43,7,1,1
BRDA:48,8,0,0
BRDA:48,8,1,1
BRF:18
BRH:13
end_of_record
